E:\PROJECTS\DIVAOL\CODE\DIVACLIENT\DIVAOL\DIVAPOMELO\LIBPOMELO\DEPS\UV\DEFAULT\OBJ\LIBUV\ASYNC.OBJ
E:\PROJECTS\DIVAOL\CODE\DIVACLIENT\DIVAOL\DIVAPOMELO\LIBPOMELO\DEPS\UV\DEFAULT\OBJ\LIBUV\UDP.OBJ
E:\PROJECTS\DIVAOL\CODE\DIVACLIENT\DIVAOL\DIVAPOMELO\LIBPOMELO\DEPS\UV\DEFAULT\OBJ\LIBUV\CORE.OBJ
E:\PROJECTS\DIVAOL\CODE\DIVACLIENT\DIVAOL\DIVAPOMELO\LIBPOMELO\DEPS\UV\DEFAULT\OBJ\LIBUV\FS-EVENT.OBJ
E:\PROJECTS\DIVAOL\CODE\DIVACLIENT\DIVAOL\DIVAPOMELO\LIBPOMELO\DEPS\UV\DEFAULT\OBJ\LIBUV\TCP.OBJ
E:\PROJECTS\DIVAOL\CODE\DIVACLIENT\DIVAOL\DIVAPOMELO\LIBPOMELO\DEPS\UV\DEFAULT\OBJ\LIBUV\PIPE.OBJ
E:\PROJECTS\DIVAOL\CODE\DIVACLIENT\DIVAOL\DIVAPOMELO\LIBPOMELO\DEPS\UV\DEFAULT\OBJ\LIBUV\FS.OBJ
E:\PROJECTS\DIVAOL\CODE\DIVACLIENT\DIVAOL\DIVAPOMELO\LIBPOMELO\DEPS\UV\DEFAULT\OBJ\LIBUV\THREAD.OBJ
E:\PROJECTS\DIVAOL\CODE\DIVACLIENT\DIVAOL\DIVAPOMELO\LIBPOMELO\DEPS\UV\DEFAULT\OBJ\LIBUV\WINAPI.OBJ
E:\PROJECTS\DIVAOL\CODE\DIVACLIENT\DIVAOL\DIVAPOMELO\LIBPOMELO\DEPS\UV\DEFAULT\OBJ\LIBUV\SIGNAL.OBJ
E:\PROJECTS\DIVAOL\CODE\DIVACLIENT\DIVAOL\DIVAPOMELO\LIBPOMELO\DEPS\UV\DEFAULT\OBJ\LIBUV\GETADDRINFO.OBJ
E:\PROJECTS\DIVAOL\CODE\DIVACLIENT\DIVAOL\DIVAPOMELO\LIBPOMELO\DEPS\UV\DEFAULT\OBJ\LIBUV\STREAM.OBJ
E:\PROJECTS\DIVAOL\CODE\DIVACLIENT\DIVAOL\DIVAPOMELO\LIBPOMELO\DEPS\UV\DEFAULT\OBJ\LIBUV\DL.OBJ
E:\PROJECTS\DIVAOL\CODE\DIVACLIENT\DIVAOL\DIVAPOMELO\LIBPOMELO\DEPS\UV\DEFAULT\OBJ\LIBUV\UTIL.OBJ
E:\PROJECTS\DIVAOL\CODE\DIVACLIENT\DIVAOL\DIVAPOMELO\LIBPOMELO\DEPS\UV\DEFAULT\OBJ\LIBUV\TTY.OBJ
E:\PROJECTS\DIVAOL\CODE\DIVACLIENT\DIVAOL\DIVAPOMELO\LIBPOMELO\DEPS\UV\DEFAULT\OBJ\LIBUV\PROCESS.OBJ
E:\PROJECTS\DIVAOL\CODE\DIVACLIENT\DIVAOL\DIVAPOMELO\LIBPOMELO\DEPS\UV\DEFAULT\OBJ\LIBUV\LOOP-WATCHER.OBJ
E:\PROJECTS\DIVAOL\CODE\DIVACLIENT\DIVAOL\DIVAPOMELO\LIBPOMELO\DEPS\UV\DEFAULT\OBJ\LIBUV\FS-POLL.OBJ
E:\PROJECTS\DIVAOL\CODE\DIVACLIENT\DIVAOL\DIVAPOMELO\LIBPOMELO\DEPS\UV\DEFAULT\OBJ\LIBUV\UV-COMMON.OBJ
E:\PROJECTS\DIVAOL\CODE\DIVACLIENT\DIVAOL\DIVAPOMELO\LIBPOMELO\DEPS\UV\DEFAULT\OBJ\LIBUV\INET.OBJ
E:\PROJECTS\DIVAOL\CODE\DIVACLIENT\DIVAOL\DIVAPOMELO\LIBPOMELO\DEPS\UV\DEFAULT\OBJ\LIBUV\TIMER.OBJ
E:\PROJECTS\DIVAOL\CODE\DIVACLIENT\DIVAOL\DIVAPOMELO\LIBPOMELO\DEPS\UV\DEFAULT\OBJ\LIBUV\HANDLE.OBJ
E:\PROJECTS\DIVAOL\CODE\DIVACLIENT\DIVAOL\DIVAPOMELO\LIBPOMELO\DEPS\UV\DEFAULT\OBJ\LIBUV\WINSOCK.OBJ
E:\PROJECTS\DIVAOL\CODE\DIVACLIENT\DIVAOL\DIVAPOMELO\LIBPOMELO\DEPS\UV\DEFAULT\OBJ\LIBUV\REQ.OBJ
E:\PROJECTS\DIVAOL\CODE\DIVACLIENT\DIVAOL\DIVAPOMELO\LIBPOMELO\DEPS\UV\DEFAULT\OBJ\LIBUV\ERROR.OBJ
E:\PROJECTS\DIVAOL\CODE\DIVACLIENT\DIVAOL\DIVAPOMELO\LIBPOMELO\DEPS\UV\DEFAULT\OBJ\LIBUV\THREADPOOL.OBJ
E:\PROJECTS\DIVAOL\CODE\DIVACLIENT\DIVAOL\DIVAPOMELO\LIBPOMELO\DEPS\UV\DEFAULT\OBJ\LIBUV\POLL.OBJ
E:\PROJECTS\DIVAOL\CODE\DIVACLIENT\DIVAOL\DIVAPOMELO\LIBPOMELO\DEPS\UV\DEFAULT\OBJ\LIBUV\PROCESS-STDIO.OBJ
E:\PROJECTS\DIVAOL\CODE\DIVACLIENT\DIVAOL\DIVAPOMELO\LIBPOMELO\DEPS\UV\DEFAULT\OBJ\LIBUV\LIBUV\VC80.PDB
E:\PROJECTS\DIVAOL\CODE\DIVACLIENT\DIVAOL\DEFAULT\LIB\LIBUV.LIB
E:\Projects\DivaOL\code\divaclient\divaol\divapomelo\libpomelo\deps\uv\Default\obj\libuv\async.obj
E:\Projects\DivaOL\code\divaclient\divaol\divapomelo\libpomelo\deps\uv\Default\obj\libuv\core.obj
E:\Projects\DivaOL\code\divaclient\divaol\divapomelo\libpomelo\deps\uv\Default\obj\libuv\dl.obj
E:\Projects\DivaOL\code\divaclient\divaol\divapomelo\libpomelo\deps\uv\Default\obj\libuv\error.obj
E:\Projects\DivaOL\code\divaclient\divaol\divapomelo\libpomelo\deps\uv\Default\obj\libuv\fs-event.obj
E:\Projects\DivaOL\code\divaclient\divaol\divapomelo\libpomelo\deps\uv\Default\obj\libuv\fs-poll.obj
E:\Projects\DivaOL\code\divaclient\divaol\divapomelo\libpomelo\deps\uv\Default\obj\libuv\fs.obj
E:\Projects\DivaOL\code\divaclient\divaol\divapomelo\libpomelo\deps\uv\Default\obj\libuv\getaddrinfo.obj
E:\Projects\DivaOL\code\divaclient\divaol\divapomelo\libpomelo\deps\uv\Default\obj\libuv\handle.obj
E:\Projects\DivaOL\code\divaclient\divaol\divapomelo\libpomelo\deps\uv\Default\obj\libuv\inet.obj
E:\Projects\DivaOL\code\divaclient\divaol\divapomelo\libpomelo\deps\uv\Default\obj\libuv\loop-watcher.obj
E:\Projects\DivaOL\code\divaclient\divaol\divapomelo\libpomelo\deps\uv\Default\obj\libuv\pipe.obj
E:\Projects\DivaOL\code\divaclient\divaol\divapomelo\libpomelo\deps\uv\Default\obj\libuv\poll.obj
E:\Projects\DivaOL\code\divaclient\divaol\divapomelo\libpomelo\deps\uv\Default\obj\libuv\process-stdio.obj
E:\Projects\DivaOL\code\divaclient\divaol\divapomelo\libpomelo\deps\uv\Default\obj\libuv\process.obj
E:\Projects\DivaOL\code\divaclient\divaol\divapomelo\libpomelo\deps\uv\Default\obj\libuv\req.obj
E:\Projects\DivaOL\code\divaclient\divaol\divapomelo\libpomelo\deps\uv\Default\obj\libuv\signal.obj
E:\Projects\DivaOL\code\divaclient\divaol\divapomelo\libpomelo\deps\uv\Default\obj\libuv\stream.obj
E:\Projects\DivaOL\code\divaclient\divaol\divapomelo\libpomelo\deps\uv\Default\obj\libuv\tcp.obj
E:\Projects\DivaOL\code\divaclient\divaol\divapomelo\libpomelo\deps\uv\Default\obj\libuv\thread.obj
E:\Projects\DivaOL\code\divaclient\divaol\divapomelo\libpomelo\deps\uv\Default\obj\libuv\threadpool.obj
E:\Projects\DivaOL\code\divaclient\divaol\divapomelo\libpomelo\deps\uv\Default\obj\libuv\timer.obj
E:\Projects\DivaOL\code\divaclient\divaol\divapomelo\libpomelo\deps\uv\Default\obj\libuv\tty.obj
E:\Projects\DivaOL\code\divaclient\divaol\divapomelo\libpomelo\deps\uv\Default\obj\libuv\udp.obj
E:\Projects\DivaOL\code\divaclient\divaol\divapomelo\libpomelo\deps\uv\Default\obj\libuv\util.obj
E:\Projects\DivaOL\code\divaclient\divaol\divapomelo\libpomelo\deps\uv\Default\obj\libuv\uv-common.obj
E:\Projects\DivaOL\code\divaclient\divaol\divapomelo\libpomelo\deps\uv\Default\obj\libuv\winapi.obj
E:\Projects\DivaOL\code\divaclient\divaol\divapomelo\libpomelo\deps\uv\Default\obj\libuv\winsock.obj
E:\Projects\DivaOL\code\divaclient\divaol\divapomelo\libpomelo\deps\uv\Default\obj\libuv\cl.command.1.tlog
E:\Projects\DivaOL\code\divaclient\divaol\divapomelo\libpomelo\deps\uv\Default\obj\libuv\CL.read.1.tlog
E:\Projects\DivaOL\code\divaclient\divaol\divapomelo\libpomelo\deps\uv\Default\obj\libuv\CL.write.1.tlog
E:\Projects\DivaOL\code\divaclient\divaol\divapomelo\libpomelo\deps\uv\Default\obj\libuv\Lib-link.read.1.tlog
E:\Projects\DivaOL\code\divaclient\divaol\divapomelo\libpomelo\deps\uv\Default\obj\libuv\Lib-link.write.1.tlog
E:\Projects\DivaOL\code\divaclient\divaol\divapomelo\libpomelo\deps\uv\Default\obj\libuv\lib.command.1.tlog
