cl : 命令行 warning D9025: 正在重写“/TC”(用“/TP”)
  pb-util.c
  transport.c
  network.c
  listener.c
  common.c
  pkg-handshake.c
  pb-decode.c
  pkg-heartbeat.c
  package.c
  thread.c
  protocol.c
  message.c
  msg-pb.c
  client.c
  pb-encode.c
  map.c
  msg-json.c
  正在生成代码...
C:\Program Files (x86)\MSBuild\Microsoft.Cpp\v4.0\V140\Microsoft.CppBuild.targets(1357,5): warning MSB8012: TargetPath(E:\Projects\DivaOL\divaol-client\divaol\Default\libpomelo.lib) does not match the Library's OutputFile property value (E:\Projects\DivaOL\divaol-client\divaol\Default\lib\libpomelo.lib). This may cause your project to build incorrectly. To correct this, please make sure that $(OutDir), $(TargetName) and $(TargetExt) property values match the value specified in %(Lib.OutputFile).
  libpomelo.vcxproj -> E:\Projects\DivaOL\divaol-client\divaol\Default\libpomelo.lib
