e:\projects\workspace\divaol\code\divaclient\divaol\divapomelo\libpomelo\default\obj\libpomelo\msg-json.obj
e:\projects\workspace\divaol\code\divaclient\divaol\divapomelo\libpomelo\default\obj\libpomelo\map.obj
e:\projects\workspace\divaol\code\divaclient\divaol\divapomelo\libpomelo\default\obj\libpomelo\pb-encode.obj
e:\projects\workspace\divaol\code\divaclient\divaol\divapomelo\libpomelo\default\obj\libpomelo\client.obj
e:\projects\workspace\divaol\code\divaclient\divaol\divapomelo\libpomelo\default\obj\libpomelo\msg-pb.obj
e:\projects\workspace\divaol\code\divaclient\divaol\divapomelo\libpomelo\default\obj\libpomelo\message.obj
e:\projects\workspace\divaol\code\divaclient\divaol\divapomelo\libpomelo\default\obj\libpomelo\protocol.obj
e:\projects\workspace\divaol\code\divaclient\divaol\divapomelo\libpomelo\default\obj\libpomelo\thread.obj
e:\projects\workspace\divaol\code\divaclient\divaol\divapomelo\libpomelo\default\obj\libpomelo\package.obj
e:\projects\workspace\divaol\code\divaclient\divaol\divapomelo\libpomelo\default\obj\libpomelo\pkg-heartbeat.obj
e:\projects\workspace\divaol\code\divaclient\divaol\divapomelo\libpomelo\default\obj\libpomelo\pb-decode.obj
e:\projects\workspace\divaol\code\divaclient\divaol\divapomelo\libpomelo\default\obj\libpomelo\pkg-handshake.obj
e:\projects\workspace\divaol\code\divaclient\divaol\divapomelo\libpomelo\default\obj\libpomelo\common.obj
e:\projects\workspace\divaol\code\divaclient\divaol\divapomelo\libpomelo\default\obj\libpomelo\listener.obj
e:\projects\workspace\divaol\code\divaclient\divaol\divapomelo\libpomelo\default\obj\libpomelo\network.obj
e:\projects\workspace\divaol\code\divaclient\divaol\divapomelo\libpomelo\default\obj\libpomelo\transport.obj
e:\projects\workspace\divaol\code\divaclient\divaol\divapomelo\libpomelo\default\obj\libpomelo\pb-util.obj
e:\projects\workspace\divaol\code\divaclient\divaol\divapomelo\libpomelo\default\obj\libpomelo\libpomelo\vc80.pdb
e:\projects\workspace\divaol\code\divaclient\divaol\default\lib\libpomelo.lib
e:\projects\workspace\divaol\code\divaclient\divaol\divapomelo\libpomelo\default\obj\libpomelo\cl.command.1.tlog
e:\projects\workspace\divaol\code\divaclient\divaol\divapomelo\libpomelo\default\obj\libpomelo\cl.read.1.tlog
e:\projects\workspace\divaol\code\divaclient\divaol\divapomelo\libpomelo\default\obj\libpomelo\cl.write.1.tlog
e:\projects\workspace\divaol\code\divaclient\divaol\divapomelo\libpomelo\default\obj\libpomelo\lib-link.read.1.tlog
e:\projects\workspace\divaol\code\divaclient\divaol\divapomelo\libpomelo\default\obj\libpomelo\lib-link.write.1.tlog
e:\projects\workspace\divaol\code\divaclient\divaol\divapomelo\libpomelo\default\obj\libpomelo\lib.command.1.tlog
e:\projects\workspace\divaol\code\divaclient\divaol\divapomelo\libpomelo\default\obj\libpomelo\libpomelo.tlog\cl.command.1.tlog
e:\projects\workspace\divaol\code\divaclient\divaol\divapomelo\libpomelo\default\obj\libpomelo\libpomelo.tlog\cl.read.1.tlog
e:\projects\workspace\divaol\code\divaclient\divaol\divapomelo\libpomelo\default\obj\libpomelo\libpomelo.tlog\cl.write.1.tlog
e:\projects\workspace\divaol\code\divaclient\divaol\divapomelo\libpomelo\default\obj\libpomelo\libpomelo.tlog\lib-link.read.1.tlog
e:\projects\workspace\divaol\code\divaclient\divaol\divapomelo\libpomelo\default\obj\libpomelo\libpomelo.tlog\lib-link.write.1.tlog
e:\projects\workspace\divaol\code\divaclient\divaol\divapomelo\libpomelo\default\obj\libpomelo\libpomelo.tlog\lib.command.1.tlog
