生成启动时间为 2015/4/5 17:07:21。
     1>项目“E:\Projects\Workspace\DivaOL\code\divaclient\divaol\divapomelo\libpomelo\deps\jansson\jansson.vcxproj”在节点 3 上(Build 个目标)。
     1>ClCompile:
         F:\Program Files (x86)\Microsoft Visual Studio 12.0\VC\bin\CL.exe /c /Isrc /Zi /nologo /W1 /WX- /O2 /Oy- /D WIN32 /D _CRT_NONSTDC_NO_DEPRECATE /D _DEBUG /D _WINDOWS /D _USRDLL /D JANSSON_DLL_EXPORTS /D _WINDLL /D _UNICODE /D UNICODE /D _USING_V110_SDK71_ /Gm- /EHsc /MD /GS /fp:precise /Zc:wchar_t /Zc:forScope /Fo"Default\obj\jansson\\" /Fd"Default\obj\jansson\jansson\vc80.pdb" /Gd /TC /analyze- /errorReport:prompt src\dump.c src\error.c src\hashtable.c src\load.c src\memory.c src\pack_unpack.c src\strbuffer.c src\strconv.c src\utf.c src\value.c
         dump.c
         error.c
         hashtable.c
         load.c
         memory.c
         pack_unpack.c
         strbuffer.c
         strconv.c
         utf.c
         value.c
         正在生成代码...
     1>C:\Program Files (x86)\MSBuild\Microsoft.Cpp\v4.0\V120\Microsoft.CppBuild.targets(1361,5): warning MSB8012: TargetPath(E:\Projects\Workspace\DivaOL\code\divaclient\divaol\Default\jansson.lib) does not match the Library's OutputFile property value (E:\Projects\Workspace\DivaOL\code\divaclient\divaol\Default\lib\jansson.lib). This may cause your project to build incorrectly. To correct this, please make sure that $(OutDir), $(TargetName) and $(TargetExt) property values match the value specified in %(Lib.OutputFile).
       Lib:
         F:\Program Files (x86)\Microsoft Visual Studio 12.0\VC\bin\Lib.exe /OUT:"E:\Projects\Workspace\DivaOL\code\divaclient\divaol\Default\lib\jansson.lib" /NOLOGO Default\obj\jansson\strbuffer.obj
         Default\obj\jansson\pack_unpack.obj
         Default\obj\jansson\load.obj
         Default\obj\jansson\error.obj
         Default\obj\jansson\strconv.obj
         Default\obj\jansson\memory.obj
         Default\obj\jansson\hashtable.obj
         Default\obj\jansson\utf.obj
         Default\obj\jansson\value.obj
         Default\obj\jansson\dump.obj
         jansson.vcxproj -> E:\Projects\Workspace\DivaOL\code\divaclient\divaol\Default\jansson.lib
     1>已完成生成项目“E:\Projects\Workspace\DivaOL\code\divaclient\divaol\divapomelo\libpomelo\deps\jansson\jansson.vcxproj”(Build 个目标)的操作。

生成成功。

已用时间 00:00:01.37
