e:\projects\workspace\divaol\code\divaclient\divaol\divapomelo\libpomelo\deps\jansson\default\obj\jansson\dump.obj
e:\projects\workspace\divaol\code\divaclient\divaol\divapomelo\libpomelo\deps\jansson\default\obj\jansson\value.obj
e:\projects\workspace\divaol\code\divaclient\divaol\divapomelo\libpomelo\deps\jansson\default\obj\jansson\utf.obj
e:\projects\workspace\divaol\code\divaclient\divaol\divapomelo\libpomelo\deps\jansson\default\obj\jansson\hashtable.obj
e:\projects\workspace\divaol\code\divaclient\divaol\divapomelo\libpomelo\deps\jansson\default\obj\jansson\memory.obj
e:\projects\workspace\divaol\code\divaclient\divaol\divapomelo\libpomelo\deps\jansson\default\obj\jansson\strconv.obj
e:\projects\workspace\divaol\code\divaclient\divaol\divapomelo\libpomelo\deps\jansson\default\obj\jansson\error.obj
e:\projects\workspace\divaol\code\divaclient\divaol\divapomelo\libpomelo\deps\jansson\default\obj\jansson\load.obj
e:\projects\workspace\divaol\code\divaclient\divaol\divapomelo\libpomelo\deps\jansson\default\obj\jansson\pack_unpack.obj
e:\projects\workspace\divaol\code\divaclient\divaol\divapomelo\libpomelo\deps\jansson\default\obj\jansson\strbuffer.obj
e:\projects\workspace\divaol\code\divaclient\divaol\divapomelo\libpomelo\deps\jansson\default\obj\jansson\jansson\vc80.pdb
e:\projects\workspace\divaol\code\divaclient\divaol\default\lib\jansson.lib
e:\projects\workspace\divaol\code\divaclient\divaol\divapomelo\libpomelo\deps\jansson\default\obj\jansson\cl.command.1.tlog
e:\projects\workspace\divaol\code\divaclient\divaol\divapomelo\libpomelo\deps\jansson\default\obj\jansson\cl.read.1.tlog
e:\projects\workspace\divaol\code\divaclient\divaol\divapomelo\libpomelo\deps\jansson\default\obj\jansson\cl.write.1.tlog
e:\projects\workspace\divaol\code\divaclient\divaol\divapomelo\libpomelo\deps\jansson\default\obj\jansson\lib-link.read.1.tlog
e:\projects\workspace\divaol\code\divaclient\divaol\divapomelo\libpomelo\deps\jansson\default\obj\jansson\lib-link.write.1.tlog
e:\projects\workspace\divaol\code\divaclient\divaol\divapomelo\libpomelo\deps\jansson\default\obj\jansson\lib.command.1.tlog
e:\projects\workspace\divaol\code\divaclient\divaol\divapomelo\libpomelo\deps\jansson\default\obj\jansson\jansson.tlog\cl.command.1.tlog
e:\projects\workspace\divaol\code\divaclient\divaol\divapomelo\libpomelo\deps\jansson\default\obj\jansson\jansson.tlog\cl.read.1.tlog
e:\projects\workspace\divaol\code\divaclient\divaol\divapomelo\libpomelo\deps\jansson\default\obj\jansson\jansson.tlog\cl.write.1.tlog
e:\projects\workspace\divaol\code\divaclient\divaol\divapomelo\libpomelo\deps\jansson\default\obj\jansson\jansson.tlog\lib-link.read.1.tlog
e:\projects\workspace\divaol\code\divaclient\divaol\divapomelo\libpomelo\deps\jansson\default\obj\jansson\jansson.tlog\lib-link.write.1.tlog
e:\projects\workspace\divaol\code\divaclient\divaol\divapomelo\libpomelo\deps\jansson\default\obj\jansson\jansson.tlog\lib.command.1.tlog
